#
# There is insufficient memory for the Java Runtime Environment to continue.
# Native memory allocation (mmap) failed to map 185073664 bytes for committing reserved memory.
# Possible reasons:
#   The system is out of physical RAM or swap space
#   In 32 bit mode, the process size limit was hit
# Possible solutions:
#   Reduce memory load on the system
#   Increase physical memory or swap space
#   Check if swap backing store is full
#   Use 64 bit Java on a 64 bit OS
#   Decrease Java heap size (-Xmx/-Xms)
#   Decrease number of Java threads
#   Decrease Java thread stack sizes (-Xss)
#   Set larger code cache with -XX:ReservedCodeCacheSize=
# This output file may be truncated or incomplete.
#
#  Out of Memory Error (os_linux.cpp:2640), pid=3767, tid=0x00007f1cc75b3700
#
# JRE version: OpenJDK Runtime Environment (8.0_152) (build 1.8.0_152-release-1343-b16-5323222)
# Java VM: OpenJDK 64-Bit Server VM (25.152-b16-5323222 mixed mode linux-amd64 compressed oops)
# Failed to write core dump. Core dumps have been disabled. To enable core dumping, try "ulimit -c unlimited" before starting Java again
#

---------------  T H R E A D  ---------------

Current thread (0x00007f1cdc07a000):  VMThread [stack: 0x00007f1cc74b4000,0x00007f1cc75b4000] [id=3775]

Stack: [0x00007f1cc74b4000,0x00007f1cc75b4000],  sp=0x00007f1cc75b24e0,  free space=1017k
Native frames: (J=compiled Java code, j=interpreted, Vv=VM code, C=native code)
V  [libjvm.so+0x9ffc88]  VMError::report_and_die()+0x148
V  [libjvm.so+0x4ce9aa]  report_vm_out_of_memory(char const*, int, unsigned long, VMErrorType, char const*)+0x8a
V  [libjvm.so+0x8673d8]  os::pd_commit_memory(char*, unsigned long, unsigned long, bool)+0xd8
V  [libjvm.so+0x86201f]  os::commit_memory(char*, unsigned long, unsigned long, bool)+0x1f
V  [libjvm.so+0x8d839b]  PSVirtualSpace::expand_by(unsigned long)+0x5b
V  [libjvm.so+0x8d8ff0]  PSYoungGen::resize_generation(unsigned long, unsigned long)+0xb0
V  [libjvm.so+0x8d930b]  PSYoungGen::resize(unsigned long, unsigned long)+0x1b
V  [libjvm.so+0x8d5a3e]  PSScavenge::invoke_no_policy()+0xdce
V  [libjvm.so+0x8d61f8]  PSScavenge::invoke()+0x38
V  [libjvm.so+0x88a7e3]  ParallelScavengeHeap::failed_mem_allocate(unsigned long)+0x63
V  [libjvm.so+0xa01754]  VM_ParallelGCFailedAllocation::doit()+0x84
V  [libjvm.so+0xa05bf7]  VM_Operation::evaluate()+0x47
V  [libjvm.so+0xa04658]  VMThread::evaluate_operation(VM_Operation*)+0x2c8
V  [libjvm.so+0xa04ab1]  VMThread::loop()+0x1f1
V  [libjvm.so+0xa04ee2]  VMThread::run()+0x72
V  [libjvm.so+0x864822]  java_start(Thread*)+0xf2

VM_Operation (0x00007f1cc412a110): ParallelGCFailedAllocation, mode: safepoint, requested by thread 0x00007f1c7c008800


---------------  P R O C E S S  ---------------

Java Threads: ( => current thread )
  0x00007f1c60003800 JavaThread "RMI RenewClean-[127.0.0.1:37889,org.jetbrains.kotlin.daemon.common.LoopbackNetworkInterface$ClientLoopbackSocketFactory@248ebc16]" daemon [_thread_blocked, id=6516, stack(0x00007f1cbc075000,0x00007f1cbc176000)]
  0x00007f1c7c008800 JavaThread "RMI TCP Connection(19)-127.0.0.1" daemon [_thread_blocked, id=6515, stack(0x00007f1cc402e000,0x00007f1cc412f000)]
  0x00007f1c58001800 JavaThread "RMI RenewClean-[127.0.0.1:37889,org.jetbrains.kotlin.daemon.common.LoopbackNetworkInterface$ClientLoopbackSocketFactory@3aa5cb6e]" daemon [_thread_blocked, id=6423, stack(0x00007f1cc639a000,0x00007f1cc649b000)]
  0x00007f1c7c007000 JavaThread "RMI TCP Connection(18)-127.0.0.1" daemon [_thread_in_native, id=6422, stack(0x00007f1cbcbfd000,0x00007f1cbccfe000)]
  0x00007f1c7c003800 JavaThread "RMI TCP Connection(idle)" daemon [_thread_blocked, id=6416, stack(0x00007f1cc5c95000,0x00007f1cc5d96000)]
  0x00007f1c7c005000 JavaThread "RMI TCP Connection(idle)" daemon [_thread_blocked, id=6414, stack(0x00007f1cc4b4f000,0x00007f1cc4c50000)]
  0x00007f1c70011800 JavaThread "RMI Scheduler(0)" daemon [_thread_blocked, id=3790, stack(0x00007f1cc5d96000,0x00007f1cc5e97000)]
  0x00007f1cdc00c800 JavaThread "DestroyJavaVM" [_thread_blocked, id=3770, stack(0x00007f1ce4173000,0x00007f1ce4273000)]
  0x00007f1cdc338000 JavaThread "GC Daemon" daemon [_thread_blocked, id=3788, stack(0x00007f1cc6198000,0x00007f1cc6299000)]
  0x00007f1cdc333800 JavaThread "RMI Reaper" [_thread_blocked, id=3787, stack(0x00007f1cc6299000,0x00007f1cc639a000)]
  0x00007f1cdc324800 JavaThread "Timer-0" daemon [_thread_blocked, id=3785, stack(0x00007f1cc649b000,0x00007f1cc659c000)]
  0x00007f1cdc321000 JavaThread "RMI TCP Accept-17056" daemon [_thread_in_native, id=3784, stack(0x00007f1cc659c000,0x00007f1cc669d000)]
  0x00007f1cdc0ca000 JavaThread "Service Thread" daemon [_thread_blocked, id=3782, stack(0x00007f1cc6ace000,0x00007f1cc6bcf000)]
  0x00007f1cdc0bf000 JavaThread "C1 CompilerThread2" daemon [_thread_blocked, id=3781, stack(0x00007f1cc6bd0000,0x00007f1cc6cd0000)]
  0x00007f1cdc0bd800 JavaThread "C2 CompilerThread1" daemon [_thread_blocked, id=3780, stack(0x00007f1cc6cd1000,0x00007f1cc6dd1000)]
  0x00007f1cdc0ba800 JavaThread "C2 CompilerThread0" daemon [_thread_blocked, id=3779, stack(0x00007f1cc6dd2000,0x00007f1cc6ed2000)]
  0x00007f1cdc0b9000 JavaThread "Signal Dispatcher" daemon [_thread_blocked, id=3778, stack(0x00007f1cc6ed2000,0x00007f1cc6fd3000)]
  0x00007f1cdc086000 JavaThread "Finalizer" daemon [_thread_blocked, id=3777, stack(0x00007f1cc72b1000,0x00007f1cc73b2000)]
  0x00007f1cdc081800 JavaThread "Reference Handler" daemon [_thread_blocked, id=3776, stack(0x00007f1cc73b2000,0x00007f1cc74b3000)]

Other Threads:
=>0x00007f1cdc07a000 VMThread [stack: 0x00007f1cc74b4000,0x00007f1cc75b4000] [id=3775]
  0x00007f1cdc0cd000 WatcherThread [stack: 0x00007f1cc69ce000,0x00007f1cc6ace000] [id=3783]

VM state:at safepoint (normal execution)

VM Mutex/Monitor currently owned by a thread:  ([mutex/lock_event])
[0x00007f1cdc008ce0] Threads_lock - owner thread: 0x00007f1cdc07a000
[0x00007f1cdc0091e0] Heap_lock - owner thread: 0x00007f1c7c008800

Heap:
 PSYoungGen      total 952320K, used 160231K [0x000000076b300000, 0x00000007afb00000, 0x00000007c0000000)
  eden space 792064K, 0% used [0x000000076b300000,0x000000076b300000,0x000000079b880000)
  from space 160256K, 99% used [0x000000079b880000,0x00000007a54f9e70,0x00000007a5500000)
  to   space 141312K, 0% used [0x00000007a5500000,0x00000007a5500000,0x00000007adf00000)
 ParOldGen       total 405504K, used 215453K [0x00000006c1800000, 0x00000006da400000, 0x000000076b300000)
  object space 405504K, 53% used [0x00000006c1800000,0x00000006cea674b8,0x00000006da400000)
 Metaspace       used 97623K, capacity 100597K, committed 100904K, reserved 1138688K
  class space    used 11576K, capacity 12242K, committed 12336K, reserved 1048576K

Card table byte_map: [0x00007f1ce11a2000,0x00007f1ce1997000] byte_map_base: 0x00007f1cddb96000

Marking Bits: (ParMarkBitMap*) 0x00007f1ce383bf00
 Begin Bits: [0x00007f1ca80c0000, 0x00007f1cac060000)
 End Bits:   [0x00007f1cac060000, 0x00007f1cb0000000)

Polling page: 0x00007f1ce4294000

CodeCache: size=245760Kb used=52029Kb max_used=53957Kb free=193730Kb
 bounds [0x00007f1ccd000000, 0x00007f1cd0500000, 0x00007f1cdc000000]
 total_blobs=15762 nmethods=15185 adapters=489
 compilation: enabled

Compilation events (10 events):
Event: 387.028 Thread 0x00007f1cdc0ba800 nmethod 19712 0x00007f1cce6f0c90 code [0x00007f1cce6f0e00, 0x00007f1cce6f11d8]
Event: 387.057 Thread 0x00007f1cdc0bd800 nmethod 19707 0x00007f1ccece6250 code [0x00007f1ccece6900, 0x00007f1ccece9470]
Event: 388.564 Thread 0x00007f1cdc0bf000 19727       3       org.jetbrains.kotlin.android.synthetic.res.AndroidLayoutXmlFileManager$getVariantData$1::invoke (105 bytes)
Event: 388.566 Thread 0x00007f1cdc0bf000 nmethod 19727 0x00007f1ccfa709d0 code [0x00007f1ccfa70c20, 0x00007f1ccfa71a48]
Event: 389.785 Thread 0x00007f1cdc0bf000 19729   !   3       org.jetbrains.kotlin.daemon.CompileServiceImpl$SessionsContainer::cleanDead (417 bytes)
Event: 389.790 Thread 0x00007f1cdc0bf000 nmethod 19729 0x00007f1cd00a4e50 code [0x00007f1cd00a5440, 0x00007f1cd00a9558]
Event: 389.791 Thread 0x00007f1cdc0bf000 19728   !   3       org.jetbrains.kotlin.daemon.CompileServiceImpl::periodicAndAfterSessionCheck (749 bytes)
Event: 389.803 Thread 0x00007f1cdc0bf000 nmethod 19728 0x00007f1cd0075c90 code [0x00007f1cd00769c0, 0x00007f1cd0081b58]
Event: 391.785 Thread 0x00007f1cdc0bf000 19730       3       java.lang.ThreadLocal$ThreadLocalMap::remove (68 bytes)
Event: 391.787 Thread 0x00007f1cdc0bf000 nmethod 19730 0x00007f1ccd148d90 code [0x00007f1ccd148f40, 0x00007f1ccd149468]

GC Heap History (10 events):
Event: 357.239 GC heap after
Heap after GC invocations=29 (full 6):
 PSYoungGen      total 710656K, used 109545K [0x000000076b300000, 0x00000007a7700000, 0x00000007c0000000)
  eden space 601088K, 0% used [0x000000076b300000,0x000000076b300000,0x000000078fe00000)
  from space 109568K, 99% used [0x000000078fe00000,0x00000007968fa708,0x0000000796900000)
  to   space 142848K, 0% used [0x000000079eb80000,0x000000079eb80000,0x00000007a7700000)
 ParOldGen       total 473600K, used 372610K [0x00000006c1800000, 0x00000006de680000, 0x000000076b300000)
  object space 473600K, 78% used [0x00000006c1800000,0x00000006d83e08b0,0x00000006de680000)
 Metaspace       used 82120K, capacity 84529K, committed 84776K, reserved 1124352K
  class space    used 9669K, capacity 10248K, committed 10288K, reserved 1048576K
}
Event: 365.177 GC heap before
{Heap before GC invocations=30 (full 6):
 PSYoungGen      total 710656K, used 710633K [0x000000076b300000, 0x00000007a7700000, 0x00000007c0000000)
  eden space 601088K, 100% used [0x000000076b300000,0x000000078fe00000,0x000000078fe00000)
  from space 109568K, 99% used [0x000000078fe00000,0x00000007968fa708,0x0000000796900000)
  to   space 142848K, 0% used [0x000000079eb80000,0x000000079eb80000,0x00000007a7700000)
 ParOldGen       total 473600K, used 372610K [0x00000006c1800000, 0x00000006de680000, 0x000000076b300000)
  object space 473600K, 78% used [0x00000006c1800000,0x00000006d83e08b0,0x00000006de680000)
 Metaspace       used 92602K, capacity 95599K, committed 95656K, reserved 1132544K
  class space    used 11012K, capacity 11689K, committed 11696K, reserved 1048576K
Event: 365.439 GC heap after
Heap after GC invocations=30 (full 6):
 PSYoungGen      total 824832K, used 11089K [0x000000076b300000, 0x00000007a6b80000, 0x00000007c0000000)
  eden space 693760K, 0% used [0x000000076b300000,0x000000076b300000,0x0000000795880000)
  from space 131072K, 8% used [0x000000079eb80000,0x000000079f654420,0x00000007a6b80000)
  to   space 140800K, 0% used [0x0000000795880000,0x0000000795880000,0x000000079e200000)
 ParOldGen       total 482304K, used 482213K [0x00000006c1800000, 0x00000006def00000, 0x000000076b300000)
  object space 482304K, 99% used [0x00000006c1800000,0x00000006deee94f0,0x00000006def00000)
 Metaspace       used 92602K, capacity 95599K, committed 95656K, reserved 1132544K
  class space    used 11012K, capacity 11689K, committed 11696K, reserved 1048576K
}
Event: 365.439 GC heap before
{Heap before GC invocations=31 (full 7):
 PSYoungGen      total 824832K, used 11089K [0x000000076b300000, 0x00000007a6b80000, 0x00000007c0000000)
  eden space 693760K, 0% used [0x000000076b300000,0x000000076b300000,0x0000000795880000)
  from space 131072K, 8% used [0x000000079eb80000,0x000000079f654420,0x00000007a6b80000)
  to   space 140800K, 0% used [0x0000000795880000,0x0000000795880000,0x000000079e200000)
 ParOldGen       total 482304K, used 482213K [0x00000006c1800000, 0x00000006def00000, 0x000000076b300000)
  object space 482304K, 99% used [0x00000006c1800000,0x00000006deee94f0,0x00000006def00000)
 Metaspace       used 92602K, capacity 95599K, committed 95656K, reserved 1132544K
  class space    used 11012K, capacity 11689K, committed 11696K, reserved 1048576K
Event: 366.782 GC heap after
Heap after GC invocations=31 (full 7):
 PSYoungGen      total 824832K, used 0K [0x000000076b300000, 0x00000007a6b80000, 0x00000007c0000000)
  eden space 693760K, 0% used [0x000000076b300000,0x000000076b300000,0x0000000795880000)
  from space 131072K, 0% used [0x000000079eb80000,0x000000079eb80000,0x00000007a6b80000)
  to   space 140800K, 0% used [0x0000000795880000,0x0000000795880000,0x000000079e200000)
 ParOldGen       total 405504K, used 182951K [0x00000006c1800000, 0x00000006da400000, 0x000000076b300000)
  object space 405504K, 45% used [0x00000006c1800000,0x00000006ccaa9f58,0x00000006da400000)
 Metaspace       used 92602K, capacity 95599K, committed 95656K, reserved 1132544K
  class space    used 11012K, capacity 11689K, committed 11696K, reserved 1048576K
}
Event: 371.306 GC heap before
{Heap before GC invocations=32 (full 7):
 PSYoungGen      total 824832K, used 693760K [0x000000076b300000, 0x00000007a6b80000, 0x00000007c0000000)
  eden space 693760K, 100% used [0x000000076b300000,0x0000000795880000,0x0000000795880000)
  from space 131072K, 0% used [0x000000079eb80000,0x000000079eb80000,0x00000007a6b80000)
  to   space 140800K, 0% used [0x0000000795880000,0x0000000795880000,0x000000079e200000)
 ParOldGen       total 405504K, used 182951K [0x00000006c1800000, 0x00000006da400000, 0x000000076b300000)
  object space 405504K, 45% used [0x00000006c1800000,0x00000006ccaa9f58,0x00000006da400000)
 Metaspace       used 97278K, capacity 100219K, committed 100264K, reserved 1136640K
  class space    used 11547K, capacity 12201K, committed 12208K, reserved 1048576K
Event: 371.501 GC heap after
Heap after GC invocations=32 (full 7):
 PSYoungGen      total 834560K, used 75097K [0x000000076b300000, 0x00000007adf00000, 0x00000007c0000000)
  eden space 693760K, 0% used [0x000000076b300000,0x000000076b300000,0x0000000795880000)
  from space 140800K, 53% used [0x0000000795880000,0x000000079a1d66a0,0x000000079e200000)
  to   space 141312K, 0% used [0x00000007a5500000,0x00000007a5500000,0x00000007adf00000)
 ParOldGen       total 405504K, used 182959K [0x00000006c1800000, 0x00000006da400000, 0x000000076b300000)
  object space 405504K, 45% used [0x00000006c1800000,0x00000006ccaabf58,0x00000006da400000)
 Metaspace       used 97278K, capacity 100219K, committed 100264K, reserved 1136640K
  class space    used 11547K, capacity 12201K, committed 12208K, reserved 1048576K
}
Event: 372.932 GC heap before
{Heap before GC invocations=33 (full 7):
 PSYoungGen      total 834560K, used 768857K [0x000000076b300000, 0x00000007adf00000, 0x00000007c0000000)
  eden space 693760K, 100% used [0x000000076b300000,0x0000000795880000,0x0000000795880000)
  from space 140800K, 53% used [0x0000000795880000,0x000000079a1d66a0,0x000000079e200000)
  to   space 141312K, 0% used [0x00000007a5500000,0x00000007a5500000,0x00000007adf00000)
 ParOldGen       total 405504K, used 182959K [0x00000006c1800000, 0x00000006da400000, 0x000000076b300000)
  object space 405504K, 45% used [0x00000006c1800000,0x00000006ccaabf58,0x00000006da400000)
 Metaspace       used 97298K, capacity 100283K, committed 100520K, reserved 1138688K
  class space    used 11548K, capacity 12201K, committed 12208K, reserved 1048576K
Event: 373.170 GC heap after
Heap after GC invocations=33 (full 7):
 PSYoungGen      total 933376K, used 126447K [0x000000076b300000, 0x00000007afb00000, 0x00000007c0000000)
  eden space 792064K, 0% used [0x000000076b300000,0x000000076b300000,0x000000079b880000)
  from space 141312K, 89% used [0x00000007a5500000,0x00000007ad07bec0,0x00000007adf00000)
  to   space 160256K, 0% used [0x000000079b880000,0x000000079b880000,0x00000007a5500000)
 ParOldGen       total 405504K, used 182967K [0x00000006c1800000, 0x00000006da400000, 0x000000076b300000)
  object space 405504K, 45% used [0x00000006c1800000,0x00000006ccaadf58,0x00000006da400000)
 Metaspace       used 97298K, capacity 100283K, committed 100520K, reserved 1138688K
  class space    used 11548K, capacity 12201K, committed 12208K, reserved 1048576K
}
Event: 395.093 GC heap before
{Heap before GC invocations=34 (full 7):
 PSYoungGen      total 933376K, used 918511K [0x000000076b300000, 0x00000007afb00000, 0x00000007c0000000)
  eden space 792064K, 100% used [0x000000076b300000,0x000000079b880000,0x000000079b880000)
  from space 141312K, 89% used [0x00000007a5500000,0x00000007ad07bec0,0x00000007adf00000)
  to   space 160256K, 0% used [0x000000079b880000,0x000000079b880000,0x00000007a5500000)
 ParOldGen       total 405504K, used 182967K [0x00000006c1800000, 0x00000006da400000, 0x000000076b300000)
  object space 405504K, 45% used [0x00000006c1800000,0x00000006ccaadf58,0x00000006da400000)
 Metaspace       used 97623K, capacity 100597K, committed 100904K, reserved 1138688K
  class space    used 11576K, capacity 12242K, committed 12336K, reserved 1048576K

Deoptimization events (10 events):
Event: 370.627 Thread 0x00007f1c7c007000 Uncommon trap: reason=speculate_class_check action=maybe_recompile pc=0x00007f1ccfa057bc method=java.util.HashMap.removeNode(ILjava/lang/Object;Ljava/lang/Object;ZZ)Ljava/util/HashMap$Node; @ 283
Event: 370.627 Thread 0x00007f1c7c007000 Uncommon trap: reason=speculate_class_check action=maybe_recompile pc=0x00007f1ccfa10624 method=java.util.HashMap.removeNode(ILjava/lang/Object;Ljava/lang/Object;ZZ)Ljava/util/HashMap$Node; @ 283
Event: 370.627 Thread 0x00007f1c7c007000 Uncommon trap: reason=speculate_class_check action=maybe_recompile pc=0x00007f1ccfa10624 method=java.util.HashMap.removeNode(ILjava/lang/Object;Ljava/lang/Object;ZZ)Ljava/util/HashMap$Node; @ 283
Event: 374.650 Thread 0x00007f1c7c007000 Uncommon trap: reason=unstable_if action=reinterpret pc=0x00007f1ccfa40600 method=java.util.Formatter$FormatSpecifier.conversion(Ljava/lang/String;)C @ 13
Event: 374.650 Thread 0x00007f1c7c007000 Uncommon trap: reason=unstable_if action=reinterpret pc=0x00007f1ccfa23a34 method=java.util.Formatter$FormatSpecifier.conversion(Ljava/lang/String;)C @ 13
Event: 374.650 Thread 0x00007f1c7c007000 Uncommon trap: reason=unstable_if action=reinterpret pc=0x00007f1ccef3a3cc method=java.util.Formatter$FormatSpecifier.conversion(Ljava/lang/String;)C @ 13
Event: 374.650 Thread 0x00007f1c7c007000 Uncommon trap: reason=unstable_if action=reinterpret pc=0x00007f1ccd3b48c8 method=java.util.Formatter$Conversion.isValid(C)Z @ 11
Event: 377.710 Thread 0x00007f1c7c008800 Uncommon trap: reason=unstable_if action=reinterpret pc=0x00007f1ccfa2f724 method=java.util.Formatter$FormatSpecifier.conversion(Ljava/lang/String;)C @ 13
Event: 377.912 Thread 0x00007f1c7c008800 Uncommon trap: reason=array_check action=maybe_recompile pc=0x00007f1ccd5b5dc8 method=java.util.Arrays.fill([Ljava/lang/Object;IILjava/lang/Object;)V @ 20
Event: 378.009 Thread 0x00007f1c7c008800 Uncommon trap: reason=unstable_if action=reinterpret pc=0x00007f1ccff52e44 method=java.util.TreeMap.compare(Ljava/lang/Object;Ljava/lang/Object;)I @ 4

Classes redefined (0 events):
No events

Internal exceptions (10 events):
Event: 350.749 Thread 0x00007f1c58001800 Exception <a 'java/lang/InterruptedException'> (0x0000000782e1b448) thrown at [/buildbot/src/googleplex-android/openjdk/out/hotspot/src/share/vm/runtime/objectMonitor.cpp, line 1684]
Event: 355.408 Thread 0x00007f1c7c007000 Implicit null exception at 0x00007f1ccd44414d to 0x00007f1ccd446109
Event: 359.722 Thread 0x00007f1c7c007000 Implicit null exception at 0x00007f1ccfa8515e to 0x00007f1ccfa85243
Event: 363.086 Thread 0x00007f1c7c007000 Implicit null exception at 0x00007f1ccfbe66fb to 0x00007f1ccfbe68e5
Event: 377.737 Thread 0x00007f1c60003800 Exception <a 'java/lang/InterruptedException'> (0x000000079817af60) thrown at [/buildbot/src/googleplex-android/openjdk/out/hotspot/src/share/vm/runtime/objectMonitor.cpp, line 1684]
Event: 378.002 Thread 0x00007f1c7c008800 Exception <a 'java/io/FileNotFoundException'> (0x00000007980cf278) thrown at [/buildbot/src/googleplex-android/openjdk/out/hotspot/src/share/vm/prims/jni.cpp, line 709]
Event: 378.002 Thread 0x00007f1c7c008800 Exception <a 'sun/nio/fs/UnixException'> (0x00000007980d09f0) thrown at [/buildbot/src/googleplex-android/openjdk/out/hotspot/src/share/vm/prims/jni.cpp, line 709]
Event: 378.003 Thread 0x00007f1c7c008800 Exception <a 'sun/nio/fs/UnixException'> (0x00000007980d5808) thrown at [/buildbot/src/googleplex-android/openjdk/out/hotspot/src/share/vm/prims/jni.cpp, line 709]
Event: 378.004 Thread 0x00007f1c7c008800 Exception <a 'java/io/FileNotFoundException'> (0x00000007980d7240) thrown at [/buildbot/src/googleplex-android/openjdk/out/hotspot/src/share/vm/prims/jni.cpp, line 709]
Event: 378.004 Thread 0x00007f1c7c008800 Exception <a 'java/io/FileNotFoundException'> (0x00000007980d8ad8) thrown at [/buildbot/src/googleplex-android/openjdk/out/hotspot/src/share/vm/prims/jni.cpp, line 709]

Events (10 events):
Event: 387.013 loading class org/jetbrains/kotlin/android/synthetic/res/AndroidLayoutXmlFileManager$getVariantData$1 done
Event: 387.013 loading class kotlin/jvm/functions/Function1
Event: 387.013 loading class kotlin/jvm/functions/Function1 done
Event: 387.899 loading class org/jetbrains/kotlin/com/intellij/openapi/vfs/VirtualFile
Event: 387.899 loading class org/jetbrains/kotlin/com/intellij/openapi/vfs/VirtualFile done
Event: 392.737 Executing VM operation: RevokeBias
Event: 392.737 Executing VM operation: RevokeBias done
Event: 392.737 Executing VM operation: RevokeBias
Event: 392.738 Executing VM operation: RevokeBias done
Event: 395.093 Executing VM operation: ParallelGCFailedAllocation


Dynamic libraries:
00400000-00401000 r-xp 00000000 08:0a 2887657                            /home/proxima/Downloads/android-studio/jre/jre/bin/java
00401000-00402000 rw-p 00000000 08:0a 2887657                            /home/proxima/Downloads/android-studio/jre/jre/bin/java
01ca4000-01cc5000 rw-p 00000000 00:00 0                                  [heap]
6c1800000-6da400000 rw-p 00000000 00:00 0 
6da400000-76b300000 ---p 00000000 00:00 0 
76b300000-7afb00000 rw-p 00000000 00:00 0 
7bab80000-7c0000000 ---p 00000000 00:00 0 
7c0000000-7c0c0c000 rw-p 00000000 00:00 0 
7c0c0c000-800000000 ---p 00000000 00:00 0 
7f1c44000000-7f1c44021000 rw-p 00000000 00:00 0 
7f1c44021000-7f1c48000000 ---p 00000000 00:00 0 
7f1c4c000000-7f1c4c021000 rw-p 00000000 00:00 0 
7f1c4c021000-7f1c50000000 ---p 00000000 00:00 0 
7f1c50000000-7f1c50021000 rw-p 00000000 00:00 0 
7f1c50021000-7f1c54000000 ---p 00000000 00:00 0 
7f1c54000000-7f1c54021000 rw-p 00000000 00:00 0 
7f1c54021000-7f1c58000000 ---p 00000000 00:00 0 
7f1c58000000-7f1c5899b000 rw-p 00000000 00:00 0 
7f1c5899b000-7f1c5c000000 ---p 00000000 00:00 0 
7f1c5c000000-7f1c5d4c7000 rw-p 00000000 00:00 0 
7f1c5d4c7000-7f1c60000000 ---p 00000000 00:00 0 
7f1c60000000-7f1c6014a000 rw-p 00000000 00:00 0 
7f1c6014a000-7f1c64000000 ---p 00000000 00:00 0 
7f1c64000000-7f1c64021000 rw-p 00000000 00:00 0 
7f1c64021000-7f1c68000000 ---p 00000000 00:00 0 
7f1c68000000-7f1c68cd9000 rw-p 00000000 00:00 0 
7f1c68cd9000-7f1c6c000000 ---p 00000000 00:00 0 
7f1c6c000000-7f1c6c021000 rw-p 00000000 00:00 0 
7f1c6c021000-7f1c70000000 ---p 00000000 00:00 0 
7f1c70000000-7f1c70298000 rw-p 00000000 00:00 0 
7f1c70298000-7f1c74000000 ---p 00000000 00:00 0 
7f1c74000000-7f1c74a06000 rw-p 00000000 00:00 0 
7f1c74a06000-7f1c78000000 ---p 00000000 00:00 0 
7f1c78000000-7f1c78021000 rw-p 00000000 00:00 0 
7f1c78021000-7f1c7c000000 ---p 00000000 00:00 0 
7f1c7c000000-7f1c7c021000 rw-p 00000000 00:00 0 
7f1c7c021000-7f1c80000000 ---p 00000000 00:00 0 
7f1c80000000-7f1c80021000 rw-p 00000000 00:00 0 
7f1c80021000-7f1c84000000 ---p 00000000 00:00 0 
7f1c84000000-7f1c84021000 rw-p 00000000 00:00 0 
7f1c84021000-7f1c88000000 ---p 00000000 00:00 0 
7f1c88000000-7f1c88021000 rw-p 00000000 00:00 0 
7f1c88021000-7f1c8c000000 ---p 00000000 00:00 0 
7f1c8c000000-7f1c8e6d4000 rw-p 00000000 00:00 0 
7f1c8e6d4000-7f1c90000000 ---p 00000000 00:00 0 
7f1c90000000-7f1c917c2000 rw-p 00000000 00:00 0 
7f1c917c2000-7f1c94000000 ---p 00000000 00:00 0 
7f1c94000000-7f1c94021000 rw-p 00000000 00:00 0 
7f1c94021000-7f1c98000000 ---p 00000000 00:00 0 
7f1c98000000-7f1c99d7c000 rw-p 00000000 00:00 0 
7f1c99d7c000-7f1c9c000000 ---p 00000000 00:00 0 
7f1c9c000000-7f1c9c021000 rw-p 00000000 00:00 0 
7f1c9c021000-7f1ca0000000 ---p 00000000 00:00 0 
7f1ca0000000-7f1ca0021000 rw-p 00000000 00:00 0 
7f1ca0021000-7f1ca4000000 ---p 00000000 00:00 0 
7f1ca4000000-7f1ca42bf000 rw-p 00000000 00:00 0 
7f1ca42bf000-7f1ca8000000 ---p 00000000 00:00 0 
7f1ca80c0000-7f1cb0000000 rw-p 00000000 00:00 0 
7f1cb0000000-7f1cb0021000 rw-p 00000000 00:00 0 
7f1cb0021000-7f1cb4000000 ---p 00000000 00:00 0 
7f1cb4c9d000-7f1cb4d1d000 rw-p 00000000 00:00 0 
7f1cb4d1d000-7f1cb4e9d000 ---p 00000000 00:00 0 
7f1cb4e9d000-7f1cb4f82000 r-xp 00000000 08:0a 3549688                    /tmp/room-fe3d57cc-4618-493b-834b-7c4ef1722622/sqlite-3.20.1-c37d8414-99f2-4af1-8422-81219d86397b-libsqlitejdbc.so
7f1cb4f82000-7f1cb5181000 ---p 000e5000 08:0a 3549688                    /tmp/room-fe3d57cc-4618-493b-834b-7c4ef1722622/sqlite-3.20.1-c37d8414-99f2-4af1-8422-81219d86397b-libsqlitejdbc.so
7f1cb5181000-7f1cb5186000 rw-p 000e4000 08:0a 3549688                    /tmp/room-fe3d57cc-4618-493b-834b-7c4ef1722622/sqlite-3.20.1-c37d8414-99f2-4af1-8422-81219d86397b-libsqlitejdbc.so
7f1cb5186000-7f1cb5387000 rw-p 00000000 00:00 0 
7f1cb5387000-7f1cb5587000 rw-p 00000000 00:00 0 
7f1cb5587000-7f1cb5787000 rw-p 00000000 00:00 0 
7f1cb5787000-7f1cb5987000 rw-p 00000000 00:00 0 
7f1cb5987000-7f1cb5b87000 rw-p 00000000 00:00 0 
7f1cb5b87000-7f1cb5d87000 rw-p 00000000 00:00 0 
7f1cb5fd3000-7f1cb61d3000 rw-p 00000000 00:00 0 
7f1cb61d3000-7f1cb63d3000 rw-p 00000000 00:00 0 
7f1cb63d3000-7f1cb65d3000 rw-p 00000000 00:00 0 
7f1cb65d3000-7f1cb67d3000 rw-p 00000000 00:00 0 
7f1cb67d3000-7f1cb69d3000 rw-p 00000000 00:00 0 
7f1cb69d3000-7f1cb6bd3000 rw-p 00000000 00:00 0 
7f1cb6bd3000-7f1cb6cf4000 r--s 02b7d000 08:0a 3546387                    /home/proxima/Android/Sdk/platforms/android-28/android.jar
7f1cb6cf4000-7f1cb6cf7000 ---p 00000000 00:00 0 
7f1cb6cf7000-7f1cb6ff5000 rw-p 00000000 00:00 0 
7f1cb7015000-7f1cb7018000 ---p 00000000 00:00 0 
7f1cb7018000-7f1cb7316000 rw-p 00000000 00:00 0 
7f1cb7316000-7f1cb7516000 rw-p 00000000 00:00 0 
7f1cb7516000-7f1cb7716000 rw-p 00000000 00:00 0 
7f1cb7716000-7f1cb77fb000 r-xp 00000000 08:0a 3549676                    /tmp/room-0ab58d59-2620-4ccf-ad94-13b700084696/sqlite-3.20.1-bb23db74-d9ec-481c-94da-8d5945a49f36-libsqlitejdbc.so
7f1cb77fb000-7f1cb79fa000 ---p 000e5000 08:0a 3549676                    /tmp/room-0ab58d59-2620-4ccf-ad94-13b700084696/sqlite-3.20.1-bb23db74-d9ec-481c-94da-8d5945a49f36-libsqlitejdbc.so
7f1cb79fa000-7f1cb79ff000 rw-p 000e4000 08:0a 3549676                    /tmp/room-0ab58d59-2620-4ccf-ad94-13b700084696/sqlite-3.20.1-bb23db74-d9ec-481c-94da-8d5945a49f36-libsqlitejdbc.so
7f1cb79ff000-7f1cb7c00000 rw-p 00000000 00:00 0 
7f1cb7c00000-7f1cb7e00000 rw-p 00000000 00:00 0 
7f1cb7e00000-7f1cb8000000 rw-p 00000000 00:00 0 
7f1cb8000000-7f1cb8022000 rw-p 00000000 00:00 0 
7f1cb8022000-7f1cbc000000 ---p 00000000 00:00 0 
7f1cbc075000-7f1cbc078000 ---p 00000000 00:00 0 
7f1cbc078000-7f1cbc376000 rw-p 00000000 00:00 0 
7f1cbc376000-7f1cbc576000 rw-p 00000000 00:00 0 
7f1cbc576000-7f1cbc776000 rw-p 00000000 00:00 0 
7f1cbc776000-7f1cbc976000 rw-p 00000000 00:00 0 
7f1cbc9dd000-7f1cbcbdd000 rw-p 00000000 00:00 0 
7f1cbcbfd000-7f1cbcc00000 ---p 00000000 00:00 0 
7f1cbcc00000-7f1cbccfe000 rw-p 00000000 00:00 0 
7f1cbccfe000-7f1cbcd01000 ---p 00000000 00:00 0 
7f1cbcd01000-7f1cbcfff000 rw-p 00000000 00:00 0 
7f1cbcfff000-7f1cc0000000 rw-p 00000000 00:00 0 
7f1cc0000000-7f1cc0021000 rw-p 00000000 00:00 0 
7f1cc0021000-7f1cc4000000 ---p 00000000 00:00 0 
7f1cc402e000-7f1cc4031000 ---p 00000000 00:00 0 
7f1cc4031000-7f1cc432f000 rw-p 00000000 00:00 0 
7f1cc432f000-7f1cc452f000 rw-p 00000000 00:00 0 
7f1cc452f000-7f1cc472d000 rw-p 00000000 00:00 0 
7f1cc472d000-7f1cc472f000 ---p 00000000 00:00 0 
7f1cc472f000-7f1cc492f000 rw-p 00000000 00:00 0 
7f1cc492f000-7f1cc4b2f000 rw-p 00000000 00:00 0 
7f1cc4b4f000-7f1cc4b52000 ---p 00000000 00:00 0 
7f1cc4b52000-7f1cc4e50000 rw-p 00000000 00:00 0 
7f1cc4e66000-7f1cc4e7a000 r--s 00129000 08:0a 3565337                    /home/proxima/.gradle/caches/modules-2/files-2.1/org.jcodec/jcodec/0.1.9/d874724f18c8ebc54931d1ab9b4603b7c6a7cf93/jcodec-0.1.9.jar
7f1cc4e7a000-7f1cc4e7c000 r--s 00008000 08:0a 3551559                    /home/proxima/.gradle/caches/modules-2/files-2.1/com.parse.bolts/bolts-tasks/1.4.0/d85884acf6810a3bbbecb587f239005cbc846dc4/bolts-tasks-1.4.0.jar
7f1cc4e7c000-7f1cc4e7e000 r--s 00005000 08:0a 3551557                    /home/proxima/.gradle/caches/modules-2/files-2.1/com.parse.bolts/bolts-applinks/1.4.0/8ad21bf21784dacce5f2043afb97218cc377e835/bolts-applinks-1.4.0.jar
7f1cc4e7e000-7f1cc4e83000 r--s 00042000 08:0a 3565469                    /home/proxima/.gradle/caches/modules-2/files-2.1/org.jetbrains.kotlin/kotlin-annotation-processing-gradle/1.3.0/d348139d1750895f6081773c5ef6392cba7139ae/kotlin-annotation-processing-gradle-1.3.0.jar
7f1cc4e83000-7f1cc4e8a000 r--s 0004b000 08:0a 3565471                    /home/proxima/.gradle/caches/modules-2/files-2.1/org.jetbrains.kotlin/kotlin-android-extensions/1.3.0/87970b36b9e1855d0d0e4942865f63a1015026c9/kotlin-android-extensions-1.3.0.jar
7f1cc4e8a000-7f1cc508a000 rw-p 00000000 00:00 0 
7f1cc508b000-7f1cc508d000 r--s 00003000 08:0a 3565335                    /home/proxima/.gradle/caches/modules-2/files-2.1/com.squareup.mimecraft/mimecraft/1.1.1/66f73c3e42fa4658ef1cbae8b1ebefdaa856a23c/mimecraft-1.1.1.jar
7f1cc508e000-7f1cc5090000 r--s 00001000 08:0a 3565513                    /home/proxima/.gradle/caches/modules-2/files-2.1/org.jetbrains.kotlin/kotlin-android-extensions-runtime/1.3.0/b875cb8ed8cf337c828aba19c00c55b69d403461/kotlin-android-extensions-runtime-1.3.0.jar
7f1cc5090000-7f1cc5092000 r--s 00001000 08:0a 3565336                    /home/proxima/.gradle/caches/modules-2/files-2.1/org.jcodec/jcodec-android/0.1.9/390f4672af45d022b05015e21388e6836178f0bb/jcodec-android-0.1.9.jar
7f1cc5092000-7f1cc5093000 r--s 00000000 08:0a 2763072                    /home/proxima/.gradle/caches/transforms-1/files-1.1/play-services-wearable-license-12.0.0.aar/e2315c39af587c4df4ec3cc5bc2de97a/jars/classes.jar
7f1cc5095000-7f1cc5295000 rw-p 00000000 00:00 0 
7f1cc5295000-7f1cc5495000 rw-p 00000000 00:00 0 
7f1cc5495000-7f1cc5695000 rw-p 00000000 00:00 0 
7f1cc5695000-7f1cc5895000 rw-p 00000000 00:00 0 
7f1cc5895000-7f1cc5a95000 rw-p 00000000 00:00 0 
7f1cc5a95000-7f1cc5c95000 rw-p 00000000 00:00 0 
7f1cc5c95000-7f1cc5c98000 ---p 00000000 00:00 0 
7f1cc5c98000-7f1cc5d96000 rw-p 00000000 00:00 0 
7f1cc5d96000-7f1cc5d99000 ---p 00000000 00:00 0 
7f1cc5d99000-7f1cc6097000 rw-p 00000000 00:00 0 
7f1cc6097000-7f1cc609a000 ---p 00000000 00:00 0 
7f1cc609a000-7f1cc6198000 rw-p 00000000 00:00 0 
7f1cc6198000-7f1cc619b000 ---p 00000000 00:00 0 
7f1cc619b000-7f1cc6299000 rw-p 00000000 00:00 0 
7f1cc6299000-7f1cc629c000 ---p 00000000 00:00 0 
7f1cc629c000-7f1cc639a000 rw-p 00000000 00:00 0 
7f1cc639a000-7f1cc639d000 ---p 00000000 00:00 0 
7f1cc639d000-7f1cc649b000 rw-p 00000000 00:00 0 
7f1cc649b000-7f1cc649e000 ---p 00000000 00:00 0 
7f1cc649e000-7f1cc659c000 rw-p 00000000 00:00 0 
7f1cc659c000-7f1cc659f000 ---p 00000000 00:00 0 
7f1cc659f000-7f1cc669d000 rw-p 00000000 00:00 0 
7f1cc669d000-7f1cc66a2000 r--s 0009a000 08:0a 2756949                    /home/proxima/Downloads/android-studio/jre/jre/lib/jsse.jar
7f1cc66a2000-7f1cc671c000 r--s 010fd000 08:0a 2887671                    /home/proxima/Downloads/android-studio/jre/lib/tools.jar
7f1cc671c000-7f1cc6723000 r--s 0001e000 08:0a 3565516                    /home/proxima/.gradle/caches/modules-2/files-2.1/org.jetbrains.kotlin/kotlin-stdlib-common/1.3.0/84a2e0288dc17cd64d692eb1e5e0de8cd5ff0846/kotlin-stdlib-common-1.3.0.jar
7f1cc6723000-7f1cc673e000 r--s 00394000 08:0a 2887639                    /home/proxima/Downloads/android-studio/jre/jre/lib/ext/cldrdata.jar
7f1cc673e000-7f1cc6748000 r--s 00116000 08:0a 2887646                    /home/proxima/Downloads/android-studio/jre/jre/lib/ext/localedata.jar
7f1cc6748000-7f1cc675e000 r-xp 00000000 08:0a 2756936                    /home/proxima/Downloads/android-studio/jre/jre/lib/amd64/libnet.so
7f1cc675e000-7f1cc675f000 rw-p 00016000 08:0a 2756936                    /home/proxima/Downloads/android-studio/jre/jre/lib/amd64/libnet.so
7f1cc675f000-7f1cc676f000 r-xp 00000000 08:0a 2756927                    /home/proxima/Downloads/android-studio/jre/jre/lib/amd64/libnio.so
7f1cc676f000-7f1cc6770000 rw-p 00010000 08:0a 2756927                    /home/proxima/Downloads/android-studio/jre/jre/lib/amd64/libnio.so
7f1cc6770000-7f1cc6783000 r--s 0010e000 08:0a 3565515                    /home/proxima/.gradle/caches/modules-2/files-2.1/org.jetbrains.kotlin/kotlin-stdlib/1.3.0/a134b0cfe9bb44f98b0b3e889cda07923eea9428/kotlin-stdlib-1.3.0.jar
7f1cc6783000-7f1cc67b9000 r--s 00250000 08:0a 3565540                    /home/proxima/.gradle/caches/modules-2/files-2.1/org.jetbrains.kotlin/kotlin-reflect/1.3.0/6fd129fd9ba8581f2cb9c58bfd431dda4ee0457e/kotlin-reflect-1.3.0.jar
7f1cc67b9000-7f1cc67f8000 rw-p 00000000 00:00 0 
7f1cc67f8000-7f1cc69cd000 r--s 01a6d000 08:0a 3565472                    /home/proxima/.gradle/caches/modules-2/files-2.1/org.jetbrains.kotlin/kotlin-compiler-embeddable/1.3.0/6e8167f9aab0f6cfec309c2722f72dc26572a782/kotlin-compiler-embeddable-1.3.0.jar
7f1cc69cd000-7f1cc69ce000 ---p 00000000 00:00 0 
7f1cc69ce000-7f1cc6ace000 rw-p 00000000 00:00 0 
7f1cc6ace000-7f1cc6ad1000 ---p 00000000 00:00 0 
7f1cc6ad1000-7f1cc6bcf000 rw-p 00000000 00:00 0 
7f1cc6bcf000-7f1cc6bd0000 ---p 00000000 00:00 0 
7f1cc6bd0000-7f1cc6bd3000 ---p 00000000 00:00 0 
7f1cc6bd3000-7f1cc6cd0000 rw-p 00000000 00:00 0 
7f1cc6cd0000-7f1cc6cd1000 ---p 00000000 00:00 0 
7f1cc6cd1000-7f1cc6cd4000 ---p 00000000 00:00 0 
7f1cc6cd4000-7f1cc6dd1000 rw-p 00000000 00:00 0 
7f1cc6dd1000-7f1cc6dd2000 ---p 00000000 00:00 0 
7f1cc6dd2000-7f1cc6dd5000 ---p 00000000 00:00 0 
7f1cc6dd5000-7f1cc6ed2000 rw-p 00000000 00:00 0 
7f1cc6ed2000-7f1cc6ed5000 ---p 00000000 00:00 0 
7f1cc6ed5000-7f1cc6fd3000 rw-p 00000000 00:00 0 
7f1cc6fd3000-7f1cc72b1000 r--p 00000000 08:0a 5802692                    /usr/lib/locale/locale-archive
7f1cc72b1000-7f1cc72b4000 ---p 00000000 00:00 0 
7f1cc72b4000-7f1cc73b2000 rw-p 00000000 00:00 0 
7f1cc73b2000-7f1cc73b5000 ---p 00000000 00:00 0 
7f1cc73b5000-7f1cc74b3000 rw-p 00000000 00:00 0 
7f1cc74b3000-7f1cc74b4000 ---p 00000000 00:00 0 
7f1cc74b4000-7f1cc8000000 rw-p 00000000 00:00 0 
7f1cc8000000-7f1cc8021000 rw-p 00000000 00:00 0 
7f1cc8021000-7f1ccc000000 ---p 00000000 00:00 0 
7f1ccc001000-7f1ccc003000 r--s 00003000 08:0a 3547931                    /home/proxima/.gradle/caches/modules-2/files-2.1/org.jetbrains/annotations/13.0/919f0dfe192fb4e063e7dacadee7f8bb9a2672a9/annotations-13.0.jar
7f1ccc003000-7f1ccc5b9000 rw-p 00000000 00:00 0 
7f1ccc5b9000-7f1ccc78a000 r--s 03c8a000 08:0a 2756903                    /home/proxima/Downloads/android-studio/jre/jre/lib/rt.jar
7f1ccc78a000-7f1ccd000000 rw-p 00000000 00:00 0 
7f1ccd000000-7f1cd0500000 rwxp 00000000 00:00 0 
7f1cd0500000-7f1cdc000000 ---p 00000000 00:00 0 
7f1cdc000000-7f1cdc3fe000 rw-p 00000000 00:00 0 
7f1cdc3fe000-7f1ce0000000 ---p 00000000 00:00 0 
7f1ce0000000-7f1ce0001000 r--s 00000000 08:0a 3551556                    /home/proxima/.gradle/caches/modules-2/files-2.1/com.parse.bolts/bolts-android/1.4.0/cc174c559b5177982887bf6e1b76003aebad9516/bolts-android-1.4.0.jar
7f1ce0001000-7f1ce0850000 rw-p 00000000 00:00 0 
7f1ce0850000-7f1ce0851000 ---p 00000000 00:00 0 
7f1ce0851000-7f1ce0951000 rw-p 00000000 00:00 0 
7f1ce0951000-7f1ce0952000 ---p 00000000 00:00 0 
7f1ce0952000-7f1ce0a52000 rw-p 00000000 00:00 0 
7f1ce0a52000-7f1ce0a53000 ---p 00000000 00:00 0 
7f1ce0a53000-7f1ce0b53000 rw-p 00000000 00:00 0 
7f1ce0b53000-7f1ce0b54000 ---p 00000000 00:00 0 
7f1ce0b54000-7f1ce0d1a000 rw-p 00000000 00:00 0 
7f1ce0d1a000-7f1ce11a2000 ---p 00000000 00:00 0 
7f1ce11a2000-7f1ce1268000 rw-p 00000000 00:00 0 
7f1ce1268000-7f1ce16ef000 ---p 00000000 00:00 0 
7f1ce16ef000-7f1ce1914000 rw-p 00000000 00:00 0 
7f1ce1914000-7f1ce1996000 ---p 00000000 00:00 0 
7f1ce1996000-7f1ce1a6b000 rw-p 00000000 00:00 0 
7f1ce1a6b000-7f1ce1d57000 ---p 00000000 00:00 0 
7f1ce1d57000-7f1ce1d62000 r-xp 00000000 08:0a 3412849                    /lib/x86_64-linux-gnu/libnss_files-2.27.so
7f1ce1d62000-7f1ce1f61000 ---p 0000b000 08:0a 3412849                    /lib/x86_64-linux-gnu/libnss_files-2.27.so
7f1ce1f61000-7f1ce1f62000 r--p 0000a000 08:0a 3412849                    /lib/x86_64-linux-gnu/libnss_files-2.27.so
7f1ce1f62000-7f1ce1f63000 rw-p 0000b000 08:0a 3412849                    /lib/x86_64-linux-gnu/libnss_files-2.27.so
7f1ce1f63000-7f1ce1f69000 rw-p 00000000 00:00 0 
7f1ce1f69000-7f1ce1f80000 r-xp 00000000 08:0a 3412843                    /lib/x86_64-linux-gnu/libnsl-2.27.so
7f1ce1f80000-7f1ce217f000 ---p 00017000 08:0a 3412843                    /lib/x86_64-linux-gnu/libnsl-2.27.so
7f1ce217f000-7f1ce2180000 r--p 00016000 08:0a 3412843                    /lib/x86_64-linux-gnu/libnsl-2.27.so
7f1ce2180000-7f1ce2181000 rw-p 00017000 08:0a 3412843                    /lib/x86_64-linux-gnu/libnsl-2.27.so
7f1ce2181000-7f1ce2183000 rw-p 00000000 00:00 0 
7f1ce2183000-7f1ce218e000 r-xp 00000000 08:0a 3412860                    /lib/x86_64-linux-gnu/libnss_nis-2.27.so
7f1ce218e000-7f1ce238d000 ---p 0000b000 08:0a 3412860                    /lib/x86_64-linux-gnu/libnss_nis-2.27.so
7f1ce238d000-7f1ce238e000 r--p 0000a000 08:0a 3412860                    /lib/x86_64-linux-gnu/libnss_nis-2.27.so
7f1ce238e000-7f1ce238f000 rw-p 0000b000 08:0a 3412860                    /lib/x86_64-linux-gnu/libnss_nis-2.27.so
7f1ce238f000-7f1ce2397000 r-xp 00000000 08:0a 3412845                    /lib/x86_64-linux-gnu/libnss_compat-2.27.so
7f1ce2397000-7f1ce2597000 ---p 00008000 08:0a 3412845                    /lib/x86_64-linux-gnu/libnss_compat-2.27.so
7f1ce2597000-7f1ce2598000 r--p 00008000 08:0a 3412845                    /lib/x86_64-linux-gnu/libnss_compat-2.27.so
7f1ce2598000-7f1ce2599000 rw-p 00009000 08:0a 3412845                    /lib/x86_64-linux-gnu/libnss_compat-2.27.so
7f1ce2599000-7f1ce25a0000 r-xp 00000000 08:0a 3412900                    /lib/x86_64-linux-gnu/librt-2.27.so
7f1ce25a0000-7f1ce279f000 ---p 00007000 08:0a 3412900                    /lib/x86_64-linux-gnu/librt-2.27.so
7f1ce279f000-7f1ce27a0000 r--p 00006000 08:0a 3412900                    /lib/x86_64-linux-gnu/librt-2.27.so
7f1ce27a0000-7f1ce27a1000 rw-p 00007000 08:0a 3412900                    /lib/x86_64-linux-gnu/librt-2.27.so
7f1ce27a1000-7f1ce293e000 r-xp 00000000 08:0a 3412822                    /lib/x86_64-linux-gnu/libm-2.27.so
7f1ce293e000-7f1ce2b3d000 ---p 0019d000 08:0a 3412822                    /lib/x86_64-linux-gnu/libm-2.27.so
7f1ce2b3d000-7f1ce2b3e000 r--p 0019c000 08:0a 3412822                    /lib/x86_64-linux-gnu/libm-2.27.so
7f1ce2b3e000-7f1ce2b3f000 rw-p 0019d000 08:0a 3412822                    /lib/x86_64-linux-gnu/libm-2.27.so
7f1ce2b3f000-7f1ce3757000 r-xp 00000000 08:0a 2887627                    /home/proxima/Downloads/android-studio/jre/jre/lib/amd64/server/libjvm.so
7f1ce3757000-7f1ce3826000 rw-p 00c18000 08:0a 2887627                    /home/proxima/Downloads/android-studio/jre/jre/lib/amd64/server/libjvm.so
7f1ce3826000-7f1ce386b000 rw-p 00000000 00:00 0 
7f1ce386b000-7f1ce3a52000 r-xp 00000000 08:0a 3412759                    /lib/x86_64-linux-gnu/libc-2.27.so
7f1ce3a52000-7f1ce3c52000 ---p 001e7000 08:0a 3412759                    /lib/x86_64-linux-gnu/libc-2.27.so
7f1ce3c52000-7f1ce3c56000 r--p 001e7000 08:0a 3412759                    /lib/x86_64-linux-gnu/libc-2.27.so
7f1ce3c56000-7f1ce3c58000 rw-p 001eb000 08:0a 3412759                    /lib/x86_64-linux-gnu/libc-2.27.so
7f1ce3c58000-7f1ce3c5c000 rw-p 00000000 00:00 0 
7f1ce3c5c000-7f1ce3c5f000 r-xp 00000000 08:0a 3412782                    /lib/x86_64-linux-gnu/libdl-2.27.so
7f1ce3c5f000-7f1ce3e5e000 ---p 00003000 08:0a 3412782                    /lib/x86_64-linux-gnu/libdl-2.27.so
7f1ce3e5e000-7f1ce3e5f000 r--p 00002000 08:0a 3412782                    /lib/x86_64-linux-gnu/libdl-2.27.so
7f1ce3e5f000-7f1ce3e60000 rw-p 00003000 08:0a 3412782                    /lib/x86_64-linux-gnu/libdl-2.27.so
7f1ce3e60000-7f1ce3e7a000 r-xp 00000000 08:0a 3412892                    /lib/x86_64-linux-gnu/libpthread-2.27.so
7f1ce3e7a000-7f1ce4079000 ---p 0001a000 08:0a 3412892                    /lib/x86_64-linux-gnu/libpthread-2.27.so
7f1ce4079000-7f1ce407a000 r--p 00019000 08:0a 3412892                    /lib/x86_64-linux-gnu/libpthread-2.27.so
7f1ce407a000-7f1ce407b000 rw-p 0001a000 08:0a 3412892                    /lib/x86_64-linux-gnu/libpthread-2.27.so
7f1ce407b000-7f1ce407f000 rw-p 00000000 00:00 0 
7f1ce407f000-7f1ce40a6000 r-xp 00000000 08:0a 3412731                    /lib/x86_64-linux-gnu/ld-2.27.so
7f1ce40a7000-7f1ce40a9000 r--s 00009000 08:0a 3565474                    /home/proxima/.gradle/caches/modules-2/files-2.1/org.jetbrains.kotlin/kotlin-script-runtime/1.3.0/c7173ea6208fa189fb56d679624fbc5e2026187f/kotlin-script-runtime-1.3.0.jar
7f1ce40a9000-7f1ce40b1000 r-xp 00000000 08:0a 2756907                    /home/proxima/Downloads/android-studio/jre/jre/lib/amd64/libmanagement.so
7f1ce40b1000-7f1ce40b2000 rw-p 00007000 08:0a 2756907                    /home/proxima/Downloads/android-studio/jre/jre/lib/amd64/libmanagement.so
7f1ce40b2000-7f1ce412a000 rw-p 00000000 00:00 0 
7f1ce412a000-7f1ce4144000 r-xp 00000000 08:0a 2756935                    /home/proxima/Downloads/android-studio/jre/jre/lib/amd64/libzip.so
7f1ce4144000-7f1ce4145000 rw-p 00019000 08:0a 2756935                    /home/proxima/Downloads/android-studio/jre/jre/lib/amd64/libzip.so
7f1ce4145000-7f1ce4170000 r-xp 00000000 08:0a 2756934                    /home/proxima/Downloads/android-studio/jre/jre/lib/amd64/libjava.so
7f1ce4170000-7f1ce4172000 rw-p 0002b000 08:0a 2756934                    /home/proxima/Downloads/android-studio/jre/jre/lib/amd64/libjava.so
7f1ce4172000-7f1ce4173000 ---p 00000000 00:00 0 
7f1ce4173000-7f1ce4176000 ---p 00000000 00:00 0 
7f1ce4176000-7f1ce4275000 rw-p 00000000 00:00 0 
7f1ce4275000-7f1ce428a000 r-xp 00000000 08:0a 2756938                    /home/proxima/Downloads/android-studio/jre/jre/lib/amd64/jli/libjli.so
7f1ce428a000-7f1ce428b000 rw-p 00015000 08:0a 2756938                    /home/proxima/Downloads/android-studio/jre/jre/lib/amd64/jli/libjli.so
7f1ce428b000-7f1ce4293000 rw-s 00000000 08:0a 3549649                    /tmp/hsperfdata_proxima/3767
7f1ce4293000-7f1ce4294000 rw-p 00000000 00:00 0 
7f1ce4294000-7f1ce4295000 ---p 00000000 00:00 0 
7f1ce4295000-7f1ce42a2000 r-xp 00000000 08:0a 2756916                    /home/proxima/Downloads/android-studio/jre/jre/lib/amd64/libverify.so
7f1ce42a2000-7f1ce42a4000 rw-p 0000c000 08:0a 2756916                    /home/proxima/Downloads/android-studio/jre/jre/lib/amd64/libverify.so
7f1ce42a4000-7f1ce42a6000 rw-p 00000000 00:00 0 
7f1ce42a6000-7f1ce42a7000 r--p 00027000 08:0a 3412731                    /lib/x86_64-linux-gnu/ld-2.27.so
7f1ce42a7000-7f1ce42a8000 rw-p 00028000 08:0a 3412731                    /lib/x86_64-linux-gnu/ld-2.27.so
7f1ce42a8000-7f1ce42a9000 rw-p 00000000 00:00 0 
7ffe0da2b000-7ffe0da4c000 rw-p 00000000 00:00 0                          [stack]
7ffe0dace000-7ffe0dad1000 r--p 00000000 00:00 0                          [vvar]
7ffe0dad1000-7ffe0dad3000 r-xp 00000000 00:00 0                          [vdso]
ffffffffff600000-ffffffffff601000 r-xp 00000000 00:00 0                  [vsyscall]

VM Arguments:
jvm_args: -Djava.awt.headless=true -Djava.rmi.server.hostname=127.0.0.1 -Xmx4072m -XX:MaxPermSize=512m -Dkotlin.environment.keepalive 
java_command: org.jetbrains.kotlin.daemon.KotlinCompileDaemon --daemon-runFilesPath /home/proxima/.local/share/kotlin/daemon --daemon-autoshutdownIdleSeconds=7200 --daemon-compilerClasspath /home/proxima/.gradle/caches/modules-2/files-2.1/org.jetbrains.kotlin/kotlin-compiler-embeddable/1.3.0/6e8167f9aab0f6cfec309c2722f72dc26572a782/kotlin-compiler-embeddable-1.3.0.jar:/home/proxima/.gradle/caches/modules-2/files-2.1/org.jetbrains.kotlin/kotlin-reflect/1.3.0/6fd129fd9ba8581f2cb9c58bfd431dda4ee0457e/kotlin-reflect-1.3.0.jar:/home/proxima/.gradle/caches/modules-2/files-2.1/org.jetbrains.kotlin/kotlin-stdlib/1.3.0/a134b0cfe9bb44f98b0b3e889cda07923eea9428/kotlin-stdlib-1.3.0.jar:/home/proxima/.gradle/caches/modules-2/files-2.1/org.jetbrains.kotlin/kotlin-script-runtime/1.3.0/c7173ea6208fa189fb56d679624fbc5e2026187f/kotlin-script-runtime-1.3.0.jar:/home/proxima/.gradle/caches/modules-2/files-2.1/org.jetbrains.kotlin/kotlin-stdlib-common/1.3.0/84a2e0288dc17cd64d692eb1e5e0de8cd5ff0846/kotlin-stdlib-common-1.3.0.jar:/home/proxima/.gradle/caches/modules-2/files-2.1/org.jetbrains/annotations/13.0/919f0dfe192fb4e063e7dacadee7f8bb9a2672a9/annotations-13.0.jar:/home/proxima/Downloads/android-studio/jre/lib/tools.jar
java_class_path (initial): /home/proxima/.gradle/caches/modules-2/files-2.1/org.jetbrains.kotlin/kotlin-compiler-embeddable/1.3.0/6e8167f9aab0f6cfec309c2722f72dc26572a782/kotlin-compiler-embeddable-1.3.0.jar:/home/proxima/.gradle/caches/modules-2/files-2.1/org.jetbrains.kotlin/kotlin-reflect/1.3.0/6fd129fd9ba8581f2cb9c58bfd431dda4ee0457e/kotlin-reflect-1.3.0.jar:/home/proxima/.gradle/caches/modules-2/files-2.1/org.jetbrains.kotlin/kotlin-stdlib/1.3.0/a134b0cfe9bb44f98b0b3e889cda07923eea9428/kotlin-stdlib-1.3.0.jar:/home/proxima/.gradle/caches/modules-2/files-2.1/org.jetbrains.kotlin/kotlin-script-runtime/1.3.0/c7173ea6208fa189fb56d679624fbc5e2026187f/kotlin-script-runtime-1.3.0.jar:/home/proxima/.gradle/caches/modules-2/files-2.1/org.jetbrains.kotlin/kotlin-stdlib-common/1.3.0/84a2e0288dc17cd64d692eb1e5e0de8cd5ff0846/kotlin-stdlib-common-1.3.0.jar:/home/proxima/.gradle/caches/modules-2/files-2.1/org.jetbrains/annotations/13.0/919f0dfe192fb4e063e7dacadee7f8bb9a2672a9/annotations-13.0.jar:/home/proxima/Downloads/android-studio/jre/lib/tools.jar
Launcher Type: SUN_STANDARD

Environment Variables:
PATH=/home/proxima/.local/bin:/home/proxima/bin:/usr/local/sbin:/usr/local/bin:/usr/sbin:/usr/bin:/sbin:/bin:/usr/games:/usr/local/games:/snap/bin:/home/proxima/.dotnet/tools
USERNAME=proxima
SHELL=/bin/bash
DISPLAY=:0

Signal Handlers:
SIGSEGV: [libjvm.so+0xa00760], sa_mask[0]=11111111011111111101111111111110, sa_flags=SA_RESTART|SA_SIGINFO
SIGBUS: [libjvm.so+0xa00760], sa_mask[0]=11111111011111111101111111111110, sa_flags=SA_RESTART|SA_SIGINFO
SIGFPE: [libjvm.so+0x863090], sa_mask[0]=11111111011111111101111111111110, sa_flags=SA_RESTART|SA_SIGINFO
SIGPIPE: [libjvm.so+0x863090], sa_mask[0]=11111111011111111101111111111110, sa_flags=SA_RESTART|SA_SIGINFO
SIGXFSZ: [libjvm.so+0x863090], sa_mask[0]=11111111011111111101111111111110, sa_flags=SA_RESTART|SA_SIGINFO
SIGILL: [libjvm.so+0x863090], sa_mask[0]=11111111011111111101111111111110, sa_flags=SA_RESTART|SA_SIGINFO
SIGUSR1: SIG_DFL, sa_mask[0]=00000000000000000000000000000000, sa_flags=none
SIGUSR2: [libjvm.so+0x862f60], sa_mask[0]=00100000000000000000000000000000, sa_flags=SA_RESTART|SA_SIGINFO
SIGHUP: [libjvm.so+0x863150], sa_mask[0]=11111111011111111101111111111110, sa_flags=SA_RESTART|SA_SIGINFO
SIGINT: [libjvm.so+0x863150], sa_mask[0]=11111111011111111101111111111110, sa_flags=SA_RESTART|SA_SIGINFO
SIGTERM: [libjvm.so+0x863150], sa_mask[0]=11111111011111111101111111111110, sa_flags=SA_RESTART|SA_SIGINFO
SIGQUIT: [libjvm.so+0x863150], sa_mask[0]=11111111011111111101111111111110, sa_flags=SA_RESTART|SA_SIGINFO


---------------  S Y S T E M  ---------------

OS:DISTRIB_ID=Ubuntu
DISTRIB_RELEASE=18.04
DISTRIB_CODENAME=bionic
DISTRIB_DESCRIPTION="Ubuntu 18.04.2 LTS"

uname:Linux 4.18.0-17-generic #18~18.04.1-Ubuntu SMP Fri Mar 15 15:27:12 UTC 2019 x86_64
libc:glibc 2.27 NPTL 2.27 
rlimit: STACK 8192k, CORE 0k, NPROC 31446, NOFILE 1048576, AS infinity
load average:2.97 2.74 4.22

/proc/meminfo:
MemTotal:        8094640 kB
MemFree:          131624 kB
MemAvailable:      77852 kB
Buffers:           19604 kB
Cached:           414312 kB
SwapCached:          284 kB
Active:          6338904 kB
Inactive:        1270928 kB
Active(anon):    6289120 kB
Inactive(anon):  1217632 kB
Active(file):      49784 kB
Inactive(file):    53296 kB
Unevictable:          16 kB
Mlocked:              16 kB
SwapTotal:          1020 kB
SwapFree:              0 kB
Dirty:               420 kB
Writeback:             0 kB
AnonPages:       7175552 kB
Mapped:           124256 kB
Shmem:            330704 kB
Slab:             201804 kB
SReclaimable:      67128 kB
SUnreclaim:       134676 kB
KernelStack:       15824 kB
PageTables:        61516 kB
NFS_Unstable:          0 kB
Bounce:                0 kB
WritebackTmp:          0 kB
CommitLimit:     4048340 kB
Committed_AS:   13376024 kB
VmallocTotal:   34359738367 kB
VmallocUsed:           0 kB
VmallocChunk:          0 kB
HardwareCorrupted:     0 kB
AnonHugePages:         0 kB
ShmemHugePages:        0 kB
ShmemPmdMapped:        0 kB
CmaTotal:              0 kB
CmaFree:               0 kB
HugePages_Total:       0
HugePages_Free:        0
HugePages_Rsvd:        0
HugePages_Surp:        0
Hugepagesize:       2048 kB
Hugetlb:               0 kB
DirectMap4k:      383744 kB
DirectMap2M:     6883328 kB
DirectMap1G:     2097152 kB


CPU:total 4 (initial active 4) (2 cores per cpu, 2 threads per core) family 6 model 69 stepping 1, cmov, cx8, fxsr, mmx, sse, sse2, sse3, ssse3, sse4.1, sse4.2, popcnt, avx, avx2, aes, clmul, erms, lzcnt, ht, tsc, tscinvbit, bmi1, bmi2

/proc/cpuinfo:
processor	: 0
vendor_id	: GenuineIntel
cpu family	: 6
model		: 69
model name	: Intel(R) Core(TM) i3-4030U CPU @ 1.90GHz
stepping	: 1
microcode	: 0x24
cpu MHz		: 1688.400
cache size	: 3072 KB
physical id	: 0
siblings	: 4
core id		: 0
cpu cores	: 2
apicid		: 0
initial apicid	: 0
fpu		: yes
fpu_exception	: yes
cpuid level	: 13
wp		: yes
flags		: fpu vme de pse tsc msr pae mce cx8 apic sep mtrr pge mca cmov pat pse36 clflush dts acpi mmx fxsr sse sse2 ss ht tm pbe syscall nx pdpe1gb rdtscp lm constant_tsc arch_perfmon pebs bts rep_good nopl xtopology nonstop_tsc cpuid aperfmperf pni pclmulqdq dtes64 monitor ds_cpl vmx est tm2 ssse3 sdbg fma cx16 xtpr pdcm pcid sse4_1 sse4_2 x2apic movbe popcnt tsc_deadline_timer aes xsave avx f16c rdrand lahf_lm abm cpuid_fault epb invpcid_single pti ssbd ibrs ibpb stibp tpr_shadow vnmi flexpriority ept vpid fsgsbase tsc_adjust bmi1 avx2 smep bmi2 erms invpcid xsaveopt dtherm arat pln pts flush_l1d
bugs		: cpu_meltdown spectre_v1 spectre_v2 spec_store_bypass l1tf
bogomips	: 3791.24
clflush size	: 64
cache_alignment	: 64
address sizes	: 39 bits physical, 48 bits virtual
power management:

processor	: 1
vendor_id	: GenuineIntel
cpu family	: 6
model		: 69
model name	: Intel(R) Core(TM) i3-4030U CPU @ 1.90GHz
stepping	: 1
microcode	: 0x24
cpu MHz		: 1784.407
cache size	: 3072 KB
physical id	: 0
siblings	: 4
core id		: 0
cpu cores	: 2
apicid		: 1
initial apicid	: 1
fpu		: yes
fpu_exception	: yes
cpuid level	: 13
wp		: yes
flags		: fpu vme de pse tsc msr pae mce cx8 apic sep mtrr pge mca cmov pat pse36 clflush dts acpi mmx fxsr sse sse2 ss ht tm pbe syscall nx pdpe1gb rdtscp lm constant_tsc arch_perfmon pebs bts rep_good nopl xtopology nonstop_tsc cpuid aperfmperf pni pclmulqdq dtes64 monitor ds_cpl vmx est tm2 ssse3 sdbg fma cx16 xtpr pdcm pcid sse4_1 sse4_2 x2apic movbe popcnt tsc_deadline_timer aes xsave avx f16c rdrand lahf_lm abm cpuid_fault epb invpcid_single pti ssbd ibrs ibpb stibp tpr_shadow vnmi flexpriority ept vpid fsgsbase tsc_adjust bmi1 avx2 smep bmi2 erms invpcid xsaveopt dtherm arat pln pts flush_l1d
bugs		: cpu_meltdown spectre_v1 spectre_v2 spec_store_bypass l1tf
bogomips	: 3791.24
clflush size	: 64
cache_alignment	: 64
address sizes	: 39 bits physical, 48 bits virtual
power management:

processor	: 2
vendor_id	: GenuineIntel
cpu family	: 6
model		: 69
model name	: Intel(R) Core(TM) i3-4030U CPU @ 1.90GHz
stepping	: 1
microcode	: 0x24
cpu MHz		: 1595.204
cache size	: 3072 KB
physical id	: 0
siblings	: 4
core id		: 1
cpu cores	: 2
apicid		: 2
initial apicid	: 2
fpu		: yes
fpu_exception	: yes
cpuid level	: 13
wp		: yes
flags		: fpu vme de pse tsc msr pae mce cx8 apic sep mtrr pge mca cmov pat pse36 clflush dts acpi mmx fxsr sse sse2 ss ht tm pbe syscall nx pdpe1gb rdtscp lm constant_tsc arch_perfmon pebs bts rep_good nopl xtopology nonstop_tsc cpuid aperfmperf pni pclmulqdq dtes64 monitor ds_cpl vmx est tm2 ssse3 sdbg fma cx16 xtpr pdcm pcid sse4_1 sse4_2 x2apic movbe popcnt tsc_deadline_timer aes xsave avx f16c rdrand lahf_lm abm cpuid_fault epb invpcid_single pti ssbd ibrs ibpb stibp tpr_shadow vnmi flexpriority ept vpid fsgsbase tsc_adjust bmi1 avx2 smep bmi2 erms invpcid xsaveopt dtherm arat pln pts flush_l1d
bugs		: cpu_meltdown spectre_v1 spectre_v2 spec_store_bypass l1tf
bogomips	: 3791.24
clflush size	: 64
cache_alignment	: 64
address sizes	: 39 bits physical, 48 bits virtual
power management:

processor	: 3
vendor_id	: GenuineIntel
cpu family	: 6
model		: 69
model name	: Intel(R) Core(TM) i3-4030U CPU @ 1.90GHz
stepping	: 1
microcode	: 0x24
cpu MHz		: 1693.030
cache size	: 3072 KB
physical id	: 0
siblings	: 4
core id		: 1
cpu cores	: 2
apicid		: 3
initial apicid	: 3
fpu		: yes
fpu_exception	: yes
cpuid level	: 13
wp		: yes
flags		: fpu vme de pse tsc msr pae mce cx8 apic sep mtrr pge mca cmov pat pse36 clflush dts acpi mmx fxsr sse sse2 ss ht tm pbe syscall nx pdpe1gb rdtscp lm constant_tsc arch_perfmon pebs bts rep_good nopl xtopology nonstop_tsc cpuid aperfmperf pni pclmulqdq dtes64 monitor ds_cpl vmx est tm2 ssse3 sdbg fma cx16 xtpr pdcm pcid sse4_1 sse4_2 x2apic movbe popcnt tsc_deadline_timer aes xsave avx f16c rdrand lahf_lm abm cpuid_fault epb invpcid_single pti ssbd ibrs ibpb stibp tpr_shadow vnmi flexpriority ept vpid fsgsbase tsc_adjust bmi1 avx2 smep bmi2 erms invpcid xsaveopt dtherm arat pln pts flush_l1d
bugs		: cpu_meltdown spectre_v1 spectre_v2 spec_store_bypass l1tf
bogomips	: 3791.24
clflush size	: 64
cache_alignment	: 64
address sizes	: 39 bits physical, 48 bits virtual
power management:



Memory: 4k page, physical 8094640k(131360k free), swap 1020k(0k free)

vm_info: OpenJDK 64-Bit Server VM (25.152-b16-5323222) for linux-amd64 JRE (1.8.0_152-release-1343-b16-5323222), built by "android-build" with gcc 4.8

time: Thu Apr 25 17:49:59 2019
elapsed time: 396 seconds (0d 0h 6m 36s)

